<?xml version="1.0" encoding="UTF-8"?>
<testng-results ignored="1" total="1" passed="0" failed="0" skipped="0">
  <reporter-output>
  </reporter-output>
  <suite started-at="2026-03-03T14:22:29 CST" name="loginSuite" finished-at="2026-03-03T14:22:29 CST" duration-ms="3">
    <groups>
    </groups>
    <test started-at="2026-03-03T14:22:29 CST" name="LoginTests" finished-at="2026-03-03T14:22:29 CST" duration-ms="3">
      <class name="tests.LoginTest">
        <test-method is-config="true" signature="setupReport()[pri:0, instance:tests.LoginTest@1573f9fc]" started-at="2026-03-03T14:22:28 CST" name="setupReport" finished-at="2026-03-03T14:22:29 CST" duration-ms="74" status="PASS">
          <reporter-output>
          </reporter-output>
        </test-method> <!-- setupReport -->
        <test-method is-config="true" signature="teardownReport()[pri:0, instance:tests.LoginTest@1573f9fc]" started-at="2026-03-03T14:22:29 CST" name="teardownReport" finished-at="2026-03-03T14:22:30 CST" duration-ms="1863" status="PASS">
          <reporter-output>
          </reporter-output>
        </test-method> <!-- teardownReport -->
      </class> <!-- tests.LoginTest -->
    </test> <!-- LoginTests -->
  </suite> <!-- loginSuite -->
</testng-results>
