<?xml version="1.0" encoding="UTF-8"?>
<testng-results ignored="0" total="1" passed="1" failed="0" skipped="0">
  <reporter-output>
  </reporter-output>
  <suite started-at="2026-02-27T21:28:37 CST" name="Default suite" finished-at="2026-02-27T21:28:40 CST" duration-ms="3476">
    <groups>
    </groups>
    <test started-at="2026-02-27T21:28:37 CST" name="Default test" finished-at="2026-02-27T21:28:40 CST" duration-ms="3476">
      <class name="tests.LoginTest">
        <test-method is-config="true" signature="setupReport()[pri:0, instance:tests.LoginTest@3eb25e1a]" started-at="2026-02-27T21:28:37 CST" name="setupReport" finished-at="2026-02-27T21:28:37 CST" duration-ms="67" status="PASS">
          <reporter-output>
          </reporter-output>
        </test-method> <!-- setupReport -->
        <test-method is-config="true" signature="setup()[pri:0, instance:tests.LoginTest@3eb25e1a]" started-at="2026-02-27T21:28:37 CST" name="setup" finished-at="2026-02-27T21:28:39 CST" duration-ms="1921" status="PASS">
          <reporter-output>
          </reporter-output>
        </test-method> <!-- setup -->
        <test-method signature="testLoginwithInvalidCredentials(java.lang.String,java.lang.String)[pri:0, instance:tests.LoginTest@3eb25e1a]" started-at="2026-02-27T21:28:39 CST" name="testLoginwithInvalidCredentials" data-provider="LoginData2" finished-at="2026-02-27T21:28:40 CST" duration-ms="1431" status="PASS">
          <params>
            <param index="0">
              <value>
                <![CDATA[admin@yourstore.com]]>
              </value>
            </param>
            <param index="1">
              <value>
                <![CDATA[admin]]>
              </value>
            </param>
          </params>
          <reporter-output>
          </reporter-output>
        </test-method> <!-- testLoginwithInvalidCredentials -->
        <test-method is-config="true" signature="tearDown(org.testng.ITestResult)[pri:0, instance:tests.LoginTest@3eb25e1a]" started-at="2026-02-27T21:28:40 CST" name="tearDown" finished-at="2026-02-27T21:28:40 CST" duration-ms="114" status="PASS">
          <params>
            <param index="0">
              <value>
                <![CDATA[[TestResult name=testLoginwithInvalidCredentials status=SUCCESS method=LoginTest.testLoginwithInvalidCredentials(java.lang.String,java.lang.String)[pri:0, instance:tests.LoginTest@3eb25e1a] output={null}]]]>
              </value>
            </param>
          </params>
          <reporter-output>
          </reporter-output>
        </test-method> <!-- tearDown -->
        <test-method is-config="true" signature="teardownReport()[pri:0, instance:tests.LoginTest@3eb25e1a]" started-at="2026-02-27T21:28:40 CST" name="teardownReport" finished-at="2026-02-27T21:28:42 CST" duration-ms="1822" status="PASS">
          <reporter-output>
          </reporter-output>
        </test-method> <!-- teardownReport -->
      </class> <!-- tests.LoginTest -->
    </test> <!-- Default test -->
  </suite> <!-- Default suite -->
</testng-results>
