<?xml version="1.0" encoding="UTF-8"?>
<!-- Generated by org.testng.reporters.JUnitXMLReporter -->
<testsuite ignored="1" hostname="Senthils-MacBook-Pro.local" failures="1" tests="1" name="LoginTests" time="3.123" errors="0" timestamp="2026-02-24T16:16:50 CST">
  <testcase classname="tests.LoginTest" name="testValidLogin" time="0.348">
    <failure type="java.lang.AssertionError" message="expected [Dashboard / nopCommerce administration] but found [nopCommerce demo store. Login]">
      <![CDATA[java.lang.AssertionError: expected [Dashboard / nopCommerce administration] but found [nopCommerce demo store. Login]
at tests.LoginTest.testValidLogin(LoginTest.java:74)
at java.base/java.util.ArrayList.forEach(ArrayList.java:1596)
... Removed 31 stack frames]]>
    </failure>
  </testcase> <!-- testValidLogin -->
  <testcase classname="tests.LoginTest" name="testLoginwithInvalidCredentials" time="0.0">
    <ignored/>
  </testcase> <!-- testLoginwithInvalidCredentials -->
</testsuite> <!-- LoginTests -->
